<?xml version="1.0" encoding="UTF-8"?>
<!-- Generated by org.testng.reporters.JUnitReportReporter -->
<testsuite hostname="LAPTOP-6F03UMNQ" failures="0" tests="5" name="TestNG.Demo2" time="0.021" errors="0" timestamp="2025-11-25T20:11:47 IST" skipped="0">
  <testcase classname="TestNG.Demo2" name="a2" time="0.001">
    <system-out>
      <![CDATA[a2 is executed]]>
    </system-out>
  </testcase> <!-- a2 -->
  <testcase classname="TestNG.Demo2" name="a1" time="0.013">
    <system-out>
      <![CDATA[a1 is executed]]>
    </system-out>
  </testcase> <!-- a1 -->
  <testcase classname="TestNG.Demo2" name="aa2" time="0.002">
    <system-out>
      <![CDATA[aa2 is executed]]>
    </system-out>
  </testcase> <!-- aa2 -->
  <testcase classname="TestNG.Demo2" name="b1" time="0.003">
    <system-out>
      <![CDATA[b1 is executed]]>
    </system-out>
  </testcase> <!-- b1 -->
  <testcase classname="TestNG.Demo2" name="aa1" time="0.002">
    <system-out>
      <![CDATA[aa1 is executed]]>
    </system-out>
  </testcase> <!-- aa1 -->
  <system-out>
    <![CDATA[a1 is executed
a2 is executed
aa1 is executed
aa2 is executed
b1 is executed]]>
  </system-out>
</testsuite> <!-- TestNG.Demo2 -->
