<?xml version="1.0" encoding="UTF-8"?>
<!-- Generated by org.testng.reporters.JUnitReportReporter -->
<testsuite hostname="LAPTOP-6F03UMNQ" failures="0" tests="2" name="TestNG.Helperattribute_dataproviderwithexcel" time="16.866" errors="0" timestamp="2025-11-27T19:39:35 IST" skipped="0">
  <testcase classname="TestNG.Helperattribute_dataproviderwithexcel" name="login" time="11.879"/>
  <testcase classname="TestNG.Helperattribute_dataproviderwithexcel" name="login" time="4.987"/>
</testsuite> <!-- TestNG.Helperattribute_dataproviderwithexcel -->
