<?xml version="1.0" encoding="UTF-8"?>
<!-- Generated by org.testng.reporters.JUnitReportReporter -->
<testsuite hostname="LAPTOP-6F03UMNQ" failures="0" tests="5" name="TestNG.Helperattribute_invocationcountTest" time="18.847" errors="0" timestamp="2025-12-10T20:12:24 IST" skipped="0">
  <testcase classname="TestNG.Helperattribute_invocationcountTest" name="sampleTest" time="2.581">
    <system-out>
      <![CDATA[Instagram]]>
    </system-out>
  </testcase> <!-- sampleTest -->
  <testcase classname="TestNG.Helperattribute_invocationcountTest" name="sampleTest" time="7.123">
    <system-out>
      <![CDATA[Instagram]]>
    </system-out>
  </testcase> <!-- sampleTest -->
  <testcase classname="TestNG.Helperattribute_invocationcountTest" name="sampleTest" time="3.335">
    <system-out>
      <![CDATA[Instagram]]>
    </system-out>
  </testcase> <!-- sampleTest -->
  <testcase classname="TestNG.Helperattribute_invocationcountTest" name="sampleTest" time="2.414">
    <system-out>
      <![CDATA[Instagram]]>
    </system-out>
  </testcase> <!-- sampleTest -->
  <testcase classname="TestNG.Helperattribute_invocationcountTest" name="sampleTest" time="3.394">
    <system-out>
      <![CDATA[Instagram]]>
    </system-out>
  </testcase> <!-- sampleTest -->
  <system-out>
    <![CDATA[Instagram
Instagram
Instagram
Instagram
Instagram]]>
  </system-out>
</testsuite> <!-- TestNG.Helperattribute_invocationcountTest -->
