<?xml version="1.0" encoding="UTF-8"?>
<!-- Generated by org.testng.reporters.JUnitReportReporter -->
<testsuite hostname="LAPTOP-6F03UMNQ" failures="0" tests="2" name="TestNG.annotations" time="0.027" errors="0" timestamp="2025-11-28T19:52:56 IST" skipped="0">
  <testcase classname="TestNG.annotations" name="testcase" time="0.022">
    <system-out>
      <![CDATA[hello]]>
    </system-out>
  </testcase> <!-- testcase -->
  <testcase classname="TestNG.annotations" name="testcase1" time="0.005">
    <system-out>
      <![CDATA[hello hello]]>
    </system-out>
  </testcase> <!-- testcase1 -->
  <system-out>
    <![CDATA[DB Connection
Launch the browser
Login to an application
hello
Logout to an application
Login to an application
hello hello
Logout to an application
Close the browser
Closing DB Connection]]>
  </system-out>
</testsuite> <!-- TestNG.annotations -->
