<?xml version="1.0" encoding="UTF-8"?>
<!-- Generated by org.testng.reporters.JUnitReportReporter -->
<testsuite hostname="LAPTOP-6F03UMNQ" failures="0" tests="7" name="TestNG.HelperAttribute_Threadpoolsize" time="46.903" errors="0" timestamp="2025-11-26T19:36:23 IST" skipped="0">
  <testcase classname="TestNG.HelperAttribute_Threadpoolsize" name="sample" time="10.496">
    <system-out>
      <![CDATA[Instagram]]>
    </system-out>
  </testcase> <!-- sample -->
  <testcase classname="TestNG.HelperAttribute_Threadpoolsize" name="sample" time="5.714">
    <system-out>
      <![CDATA[]]>
    </system-out>
  </testcase> <!-- sample -->
  <testcase classname="TestNG.HelperAttribute_Threadpoolsize" name="sample" time="4.042">
    <system-out>
      <![CDATA[Instagram]]>
    </system-out>
  </testcase> <!-- sample -->
  <testcase classname="TestNG.HelperAttribute_Threadpoolsize" name="sample" time="4.731">
    <system-out>
      <![CDATA[Instagram]]>
    </system-out>
  </testcase> <!-- sample -->
  <testcase classname="TestNG.HelperAttribute_Threadpoolsize" name="sample" time="10.692">
    <system-out>
      <![CDATA[Instagram]]>
    </system-out>
  </testcase> <!-- sample -->
  <testcase classname="TestNG.HelperAttribute_Threadpoolsize" name="sample" time="5.979">
    <system-out>
      <![CDATA[Instagram]]>
    </system-out>
  </testcase> <!-- sample -->
  <testcase classname="TestNG.HelperAttribute_Threadpoolsize" name="sample" time="5.249">
    <system-out>
      <![CDATA[]]>
    </system-out>
  </testcase> <!-- sample -->
  <system-out>
    <![CDATA[Instagram
Instagram


Instagram
Instagram
Instagram]]>
  </system-out>
</testsuite> <!-- TestNG.HelperAttribute_Threadpoolsize -->
