<?xml version="1.0" encoding="UTF-8"?>
<!-- Generated by org.testng.reporters.JUnitReportReporter -->
<testsuite hostname="LAPTOP-6F03UMNQ" failures="0" tests="4" name="TestNG.Demo" time="0.021" errors="0" timestamp="2025-11-25T20:03:52 IST" skipped="0">
  <testcase classname="TestNG.Demo" name="instamart" time="0.002">
    <system-out>
      <![CDATA[hello instamart]]>
    </system-out>
  </testcase> <!-- instamart -->
  <testcase classname="TestNG.Demo" name="blinkit" time="0.002">
    <system-out>
      <![CDATA[hello blinkit]]>
    </system-out>
  </testcase> <!-- blinkit -->
  <testcase classname="TestNG.Demo" name="Jiomart" time="0.015">
    <system-out>
      <![CDATA[hello Jiomart]]>
    </system-out>
  </testcase> <!-- Jiomart -->
  <testcase classname="TestNG.Demo" name="zepto" time="0.002">
    <system-out>
      <![CDATA[hello zepto]]>
    </system-out>
  </testcase> <!-- zepto -->
  <system-out>
    <![CDATA[hello Jiomart
hello blinkit
hello instamart
hello zepto]]>
  </system-out>
</testsuite> <!-- TestNG.Demo -->
