<?xml version="1.0" encoding="UTF-8"?>
<!-- Generated by org.testng.reporters.JUnitReportReporter -->
<testsuite hostname="LAPTOP-6F03UMNQ" failures="0" tests="3" name="TestNG.helperattribute_priority" time="0.012" errors="0" timestamp="2025-11-25T20:49:08 IST" skipped="0">
  <testcase classname="TestNG.helperattribute_priority" name="createAccount" time="0.010">
    <system-out>
      <![CDATA[createaccount]]>
    </system-out>
  </testcase> <!-- createAccount -->
  <testcase classname="TestNG.helperattribute_priority" name="updateAccount" time="0.001">
    <system-out>
      <![CDATA[updateaccount]]>
    </system-out>
  </testcase> <!-- updateAccount -->
  <testcase classname="TestNG.helperattribute_priority" name="deleteAccount" time="0.001">
    <system-out>
      <![CDATA[deleteaccount]]>
    </system-out>
  </testcase> <!-- deleteAccount -->
  <system-out>
    <![CDATA[createaccount
updateaccount
deleteaccount]]>
  </system-out>
</testsuite> <!-- TestNG.helperattribute_priority -->
