<?xml version="1.0" encoding="UTF-8"?>
<!-- Generated by org.testng.reporters.JUnitReportReporter -->
<testsuite hostname="LAPTOP-6F03UMNQ" failures="0" tests="5" name="TestNG.Helperattribute_invocationcount" time="22.401" errors="0" timestamp="2025-11-25T20:49:50 IST" skipped="0">
  <testcase classname="TestNG.Helperattribute_invocationcount" name="sample" time="2.632">
    <system-out>
      <![CDATA[Instagram]]>
    </system-out>
  </testcase> <!-- sample -->
  <testcase classname="TestNG.Helperattribute_invocationcount" name="sample" time="3.770">
    <system-out>
      <![CDATA[Instagram]]>
    </system-out>
  </testcase> <!-- sample -->
  <testcase classname="TestNG.Helperattribute_invocationcount" name="sample" time="2.955">
    <system-out>
      <![CDATA[Instagram]]>
    </system-out>
  </testcase> <!-- sample -->
  <testcase classname="TestNG.Helperattribute_invocationcount" name="sample" time="4.677">
    <system-out>
      <![CDATA[Instagram]]>
    </system-out>
  </testcase> <!-- sample -->
  <testcase classname="TestNG.Helperattribute_invocationcount" name="sample" time="8.367">
    <system-out>
      <![CDATA[Instagram]]>
    </system-out>
  </testcase> <!-- sample -->
  <system-out>
    <![CDATA[Instagram
Instagram
Instagram
Instagram
Instagram]]>
  </system-out>
</testsuite> <!-- TestNG.Helperattribute_invocationcount -->
