<?xml version="1.0" encoding="UTF-8"?>
<!-- Generated by org.testng.reporters.JUnitReportReporter -->
<testsuite hostname="LAPTOP-6F03UMNQ" failures="0" tests="3" name="TestNG.HelperAttribute_Dataprovider" time="22.382" errors="0" timestamp="2025-11-26T20:41:15 IST" skipped="0">
  <testcase classname="TestNG.HelperAttribute_Dataprovider" name="login" time="11.626"/>
  <testcase classname="TestNG.HelperAttribute_Dataprovider" name="login" time="5.265"/>
  <testcase classname="TestNG.HelperAttribute_Dataprovider" name="login" time="5.491"/>
</testsuite> <!-- TestNG.HelperAttribute_Dataprovider -->
