<?xml version="1.0" encoding="UTF-8"?>
<!-- Generated by org.testng.reporters.JUnitReportReporter -->
<testsuite hostname="LAPTOP-6F03UMNQ" failures="0" tests="5" name="TestNG.Demo3" time="0.017" errors="0" timestamp="2025-11-25T20:18:46 IST" skipped="0">
  <testcase classname="TestNG.Demo3" name="A11" time="0.001">
    <system-out>
      <![CDATA[A11 is executed]]>
    </system-out>
  </testcase> <!-- A11 -->
  <testcase classname="TestNG.Demo3" name="A1" time="0.010">
    <system-out>
      <![CDATA[A1 is executed]]>
    </system-out>
  </testcase> <!-- A1 -->
  <testcase classname="TestNG.Demo3" name="a2" time="0.003">
    <system-out>
      <![CDATA[a2 is executed]]>
    </system-out>
  </testcase> <!-- a2 -->
  <testcase classname="TestNG.Demo3" name="b1" time="0.002">
    <system-out>
      <![CDATA[b1 is executed]]>
    </system-out>
  </testcase> <!-- b1 -->
  <testcase classname="TestNG.Demo3" name="B1" time="0.001">
    <system-out>
      <![CDATA[B1 is executed]]>
    </system-out>
  </testcase> <!-- B1 -->
  <system-out>
    <![CDATA[A1 is executed
A11 is executed
B1 is executed
a2 is executed
b1 is executed]]>
  </system-out>
</testsuite> <!-- TestNG.Demo3 -->
