<?xml version="1.0" encoding="UTF-8"?>
<!-- Generated by org.testng.reporters.JUnitReportReporter -->
<testsuite hostname="LAPTOP-6F03UMNQ" failures="0" tests="3" name="TestNG.HelperAttribute_dependson" time="0.025" errors="0" timestamp="2025-11-26T20:00:43 IST" skipped="0">
  <testcase classname="TestNG.HelperAttribute_dependson" name="updateAccount" time="0.002">
    <system-out>
      <![CDATA[updateAccount]]>
    </system-out>
  </testcase> <!-- updateAccount -->
  <testcase classname="TestNG.HelperAttribute_dependson" name="deleteAccount" time="0.004">
    <system-out>
      <![CDATA[deleteAccount]]>
    </system-out>
  </testcase> <!-- deleteAccount -->
  <testcase classname="TestNG.HelperAttribute_dependson" name="createAccount" time="0.019">
    <system-out>
      <![CDATA[Createaccount]]>
    </system-out>
  </testcase> <!-- createAccount -->
  <system-out>
    <![CDATA[Createaccount
updateAccount
deleteAccount]]>
  </system-out>
</testsuite> <!-- TestNG.HelperAttribute_dependson -->
