<?xml version="1.0" encoding="UTF-8"?>
<!-- Generated by org.testng.reporters.JUnitReportReporter -->
<testsuite hostname="LAPTOP-6F03UMNQ" failures="0" tests="4" name="TestNG.HelperAttribute_Enabled" time="0.021" errors="0" timestamp="2025-11-26T19:55:26 IST" skipped="1">
  <testcase classname="TestNG.HelperAttribute_Enabled" name="hello" time="0.002">
    <system-out>
      <![CDATA[hello]]>
    </system-out>
  </testcase> <!-- hello -->
  <testcase classname="TestNG.HelperAttribute_Enabled" name="GoodNight" time="0.002">
    <system-out>
      <![CDATA[GoodNight]]>
    </system-out>
  </testcase> <!-- GoodNight -->
  <testcase classname="TestNG.HelperAttribute_Enabled" name="GoodMorning" time="0.017">
    <system-out>
      <![CDATA[GoodMorning]]>
    </system-out>
  </testcase> <!-- GoodMorning -->
  <testcase classname="TestNG.HelperAttribute_Enabled" name="GoodEvening">
    <skipped/>
  </testcase> <!-- GoodEvening -->
  <system-out>
    <![CDATA[GoodMorning
GoodNight
hello]]>
  </system-out>
</testsuite> <!-- TestNG.HelperAttribute_Enabled -->
