<?xml version="1.0" encoding="UTF-8"?>
<testng-results ignored="0" total="3" passed="0" failed="0" skipped="3">
  <reporter-output>
    <line>
      <![CDATA[DB Connection]]>
    </line>
    <line>
      <![CDATA[Closing DB Connection]]>
    </line>
  </reporter-output>
  <suite started-at="2025-12-16T22:26:45 IST" name="Default suite" finished-at="2025-12-16T22:26:45 IST" duration-ms="88">
    <groups>
      <group name="Smoke">
        <method signature="CampaignTest.createCampaignWithMandatoryDetailsTest()[pri:0, instance:product.CampaignTest@3cc41abc]" name="createCampaignWithMandatoryDetailsTest" class="product.CampaignTest"/>
        <method signature="CampaignTest.createcampaignwithstatus()[pri:0, instance:product.CampaignTest@3cc41abc]" name="createcampaignwithstatus" class="product.CampaignTest"/>
      </group> <!-- Smoke -->
    </groups>
    <test started-at="2025-12-16T22:26:45 IST" name="Default test" finished-at="2025-12-16T22:26:45 IST" duration-ms="88">
      <class name="product.CampaignTest">
        <test-method is-config="true" signature="beforeSuite()[pri:0, instance:product.CampaignTest@3cc41abc]" started-at="2025-12-16T22:26:45 IST" name="beforeSuite" finished-at="2025-12-16T22:26:45 IST" duration-ms="17" status="PASS">
          <reporter-output>
            <line>
              <![CDATA[DB Connection]]>
            </line>
          </reporter-output>
        </test-method> <!-- beforeSuite -->
        <test-method is-config="true" signature="beforeclass(java.lang.String)[pri:0, instance:product.CampaignTest@3cc41abc]" started-at="2025-12-16T22:26:45 IST" name="beforeclass" finished-at="1970-01-01T05:30:00 IST" duration-ms="-1765904205877" status="FAIL">
          <exception class="org.testng.TestNGException">
            <message>
              <![CDATA[
Parameter 'BROWSER' is required by BeforeClass on method beforeclass but has not been marked @Optional or defined
in C:\Users\DEEKSHA\AppData\Local\Temp\testng-eclipse--1437087590\testng-customsuite.xml]]>
            </message>
            <full-stacktrace>
              <![CDATA[org.testng.TestNGException: 
Parameter 'BROWSER' is required by BeforeClass on method beforeclass but has not been marked @Optional or defined
in C:\Users\DEEKSHA\AppData\Local\Temp\testng-eclipse--1437087590\testng-customsuite.xml
at org.testng.internal.Parameters.createParams(Parameters.java:264)
at org.testng.internal.Parameters.createParametersForMethod(Parameters.java:352)
at org.testng.internal.Parameters.createParameters(Parameters.java:690)
at org.testng.internal.Parameters.createConfigurationParameters(Parameters.java:163)
at org.testng.internal.invokers.ConfigInvoker.invokeConfigurations(ConfigInvoker.java:313)
at org.testng.internal.invokers.TestMethodWorker.invokeBeforeClassMethods(TestMethodWorker.java:188)
at org.testng.internal.invokers.TestMethodWorker.run(TestMethodWorker.java:128)
at java.base/java.util.ArrayList.forEach(ArrayList.java:1596)
at org.testng.TestRunner.privateRun(TestRunner.java:741)
at org.testng.TestRunner.run(TestRunner.java:616)
at org.testng.SuiteRunner.runTest(SuiteRunner.java:421)
at org.testng.SuiteRunner.runSequentially(SuiteRunner.java:413)
at org.testng.SuiteRunner.privateRun(SuiteRunner.java:373)
at org.testng.SuiteRunner.run(SuiteRunner.java:312)
at org.testng.SuiteRunnerWorker.runSuite(SuiteRunnerWorker.java:52)
at org.testng.SuiteRunnerWorker.run(SuiteRunnerWorker.java:95)
at org.testng.TestNG.runSuitesSequentially(TestNG.java:1274)
at org.testng.TestNG.runSuitesLocally(TestNG.java:1208)
at org.testng.TestNG.runSuites(TestNG.java:1112)
at org.testng.TestNG.run(TestNG.java:1079)
at org.testng.remote.AbstractRemoteTestNG.run(AbstractRemoteTestNG.java:115)
at org.testng.remote.RemoteTestNG.initAndRun(RemoteTestNG.java:293)
at org.testng.remote.RemoteTestNG.main(RemoteTestNG.java:91)
]]>
            </full-stacktrace>
          </exception> <!-- org.testng.TestNGException -->
          <reporter-output>
          </reporter-output>
        </test-method> <!-- beforeclass -->
        <test-method is-config="true" signature="beforemethod()[pri:0, instance:product.CampaignTest@3cc41abc]" started-at="2025-12-16T22:26:45 IST" name="beforemethod" finished-at="2025-12-16T22:26:45 IST" duration-ms="0" status="SKIP">
          <reporter-output>
          </reporter-output>
        </test-method> <!-- beforemethod -->
        <test-method signature="createCampaignWithExpectedDateTest()[pri:0, instance:product.CampaignTest@3cc41abc]" started-at="2025-12-16T22:26:45 IST" name="createCampaignWithExpectedDateTest" finished-at="2025-12-16T22:26:45 IST" duration-ms="0" status="SKIP">
          <exception class="org.testng.TestNGException">
            <message>
              <![CDATA[
Parameter 'BROWSER' is required by BeforeClass on method beforeclass but has not been marked @Optional or defined
in C:\Users\DEEKSHA\AppData\Local\Temp\testng-eclipse--1437087590\testng-customsuite.xml]]>
            </message>
            <full-stacktrace>
              <![CDATA[org.testng.TestNGException: 
Parameter 'BROWSER' is required by BeforeClass on method beforeclass but has not been marked @Optional or defined
in C:\Users\DEEKSHA\AppData\Local\Temp\testng-eclipse--1437087590\testng-customsuite.xml
at org.testng.internal.Parameters.createParams(Parameters.java:264)
at org.testng.internal.Parameters.createParametersForMethod(Parameters.java:352)
at org.testng.internal.Parameters.createParameters(Parameters.java:690)
at org.testng.internal.Parameters.createConfigurationParameters(Parameters.java:163)
at org.testng.internal.invokers.ConfigInvoker.invokeConfigurations(ConfigInvoker.java:313)
at org.testng.internal.invokers.TestMethodWorker.invokeBeforeClassMethods(TestMethodWorker.java:188)
at org.testng.internal.invokers.TestMethodWorker.run(TestMethodWorker.java:128)
at java.base/java.util.ArrayList.forEach(ArrayList.java:1596)
at org.testng.TestRunner.privateRun(TestRunner.java:741)
at org.testng.TestRunner.run(TestRunner.java:616)
at org.testng.SuiteRunner.runTest(SuiteRunner.java:421)
at org.testng.SuiteRunner.runSequentially(SuiteRunner.java:413)
at org.testng.SuiteRunner.privateRun(SuiteRunner.java:373)
at org.testng.SuiteRunner.run(SuiteRunner.java:312)
at org.testng.SuiteRunnerWorker.runSuite(SuiteRunnerWorker.java:52)
at org.testng.SuiteRunnerWorker.run(SuiteRunnerWorker.java:95)
at org.testng.TestNG.runSuitesSequentially(TestNG.java:1274)
at org.testng.TestNG.runSuitesLocally(TestNG.java:1208)
at org.testng.TestNG.runSuites(TestNG.java:1112)
at org.testng.TestNG.run(TestNG.java:1079)
at org.testng.remote.AbstractRemoteTestNG.run(AbstractRemoteTestNG.java:115)
at org.testng.remote.RemoteTestNG.initAndRun(RemoteTestNG.java:293)
at org.testng.remote.RemoteTestNG.main(RemoteTestNG.java:91)
]]>
            </full-stacktrace>
          </exception> <!-- org.testng.TestNGException -->
          <reporter-output>
          </reporter-output>
        </test-method> <!-- createCampaignWithExpectedDateTest -->
        <test-method is-config="true" signature="aftermethod()[pri:0, instance:product.CampaignTest@3cc41abc]" started-at="2025-12-16T22:26:45 IST" name="aftermethod" finished-at="2025-12-16T22:26:45 IST" duration-ms="0" status="SKIP">
          <reporter-output>
          </reporter-output>
        </test-method> <!-- aftermethod -->
        <test-method is-config="true" signature="beforemethod()[pri:0, instance:product.CampaignTest@3cc41abc]" started-at="2025-12-16T22:26:45 IST" name="beforemethod" finished-at="2025-12-16T22:26:45 IST" duration-ms="0" status="SKIP">
          <reporter-output>
          </reporter-output>
        </test-method> <!-- beforemethod -->
        <test-method signature="createCampaignWithMandatoryDetailsTest()[pri:0, instance:product.CampaignTest@3cc41abc]" started-at="2025-12-16T22:26:45 IST" name="createCampaignWithMandatoryDetailsTest" finished-at="2025-12-16T22:26:45 IST" duration-ms="0" status="SKIP">
          <exception class="org.testng.TestNGException">
            <message>
              <![CDATA[
Parameter 'BROWSER' is required by BeforeClass on method beforeclass but has not been marked @Optional or defined
in C:\Users\DEEKSHA\AppData\Local\Temp\testng-eclipse--1437087590\testng-customsuite.xml]]>
            </message>
            <full-stacktrace>
              <![CDATA[org.testng.TestNGException: 
Parameter 'BROWSER' is required by BeforeClass on method beforeclass but has not been marked @Optional or defined
in C:\Users\DEEKSHA\AppData\Local\Temp\testng-eclipse--1437087590\testng-customsuite.xml
at org.testng.internal.Parameters.createParams(Parameters.java:264)
at org.testng.internal.Parameters.createParametersForMethod(Parameters.java:352)
at org.testng.internal.Parameters.createParameters(Parameters.java:690)
at org.testng.internal.Parameters.createConfigurationParameters(Parameters.java:163)
at org.testng.internal.invokers.ConfigInvoker.invokeConfigurations(ConfigInvoker.java:313)
at org.testng.internal.invokers.TestMethodWorker.invokeBeforeClassMethods(TestMethodWorker.java:188)
at org.testng.internal.invokers.TestMethodWorker.run(TestMethodWorker.java:128)
at java.base/java.util.ArrayList.forEach(ArrayList.java:1596)
at org.testng.TestRunner.privateRun(TestRunner.java:741)
at org.testng.TestRunner.run(TestRunner.java:616)
at org.testng.SuiteRunner.runTest(SuiteRunner.java:421)
at org.testng.SuiteRunner.runSequentially(SuiteRunner.java:413)
at org.testng.SuiteRunner.privateRun(SuiteRunner.java:373)
at org.testng.SuiteRunner.run(SuiteRunner.java:312)
at org.testng.SuiteRunnerWorker.runSuite(SuiteRunnerWorker.java:52)
at org.testng.SuiteRunnerWorker.run(SuiteRunnerWorker.java:95)
at org.testng.TestNG.runSuitesSequentially(TestNG.java:1274)
at org.testng.TestNG.runSuitesLocally(TestNG.java:1208)
at org.testng.TestNG.runSuites(TestNG.java:1112)
at org.testng.TestNG.run(TestNG.java:1079)
at org.testng.remote.AbstractRemoteTestNG.run(AbstractRemoteTestNG.java:115)
at org.testng.remote.RemoteTestNG.initAndRun(RemoteTestNG.java:293)
at org.testng.remote.RemoteTestNG.main(RemoteTestNG.java:91)
]]>
            </full-stacktrace>
          </exception> <!-- org.testng.TestNGException -->
          <reporter-output>
          </reporter-output>
        </test-method> <!-- createCampaignWithMandatoryDetailsTest -->
        <test-method is-config="true" signature="aftermethod()[pri:0, instance:product.CampaignTest@3cc41abc]" started-at="2025-12-16T22:26:45 IST" name="aftermethod" finished-at="2025-12-16T22:26:45 IST" duration-ms="0" status="SKIP">
          <reporter-output>
          </reporter-output>
        </test-method> <!-- aftermethod -->
        <test-method is-config="true" signature="beforemethod()[pri:0, instance:product.CampaignTest@3cc41abc]" started-at="2025-12-16T22:26:45 IST" name="beforemethod" finished-at="2025-12-16T22:26:45 IST" duration-ms="0" status="SKIP">
          <reporter-output>
          </reporter-output>
        </test-method> <!-- beforemethod -->
        <test-method signature="createcampaignwithstatus()[pri:0, instance:product.CampaignTest@3cc41abc]" started-at="2025-12-16T22:26:45 IST" name="createcampaignwithstatus" finished-at="2025-12-16T22:26:45 IST" duration-ms="0" status="SKIP">
          <exception class="org.testng.TestNGException">
            <message>
              <![CDATA[
Parameter 'BROWSER' is required by BeforeClass on method beforeclass but has not been marked @Optional or defined
in C:\Users\DEEKSHA\AppData\Local\Temp\testng-eclipse--1437087590\testng-customsuite.xml]]>
            </message>
            <full-stacktrace>
              <![CDATA[org.testng.TestNGException: 
Parameter 'BROWSER' is required by BeforeClass on method beforeclass but has not been marked @Optional or defined
in C:\Users\DEEKSHA\AppData\Local\Temp\testng-eclipse--1437087590\testng-customsuite.xml
at org.testng.internal.Parameters.createParams(Parameters.java:264)
at org.testng.internal.Parameters.createParametersForMethod(Parameters.java:352)
at org.testng.internal.Parameters.createParameters(Parameters.java:690)
at org.testng.internal.Parameters.createConfigurationParameters(Parameters.java:163)
at org.testng.internal.invokers.ConfigInvoker.invokeConfigurations(ConfigInvoker.java:313)
at org.testng.internal.invokers.TestMethodWorker.invokeBeforeClassMethods(TestMethodWorker.java:188)
at org.testng.internal.invokers.TestMethodWorker.run(TestMethodWorker.java:128)
at java.base/java.util.ArrayList.forEach(ArrayList.java:1596)
at org.testng.TestRunner.privateRun(TestRunner.java:741)
at org.testng.TestRunner.run(TestRunner.java:616)
at org.testng.SuiteRunner.runTest(SuiteRunner.java:421)
at org.testng.SuiteRunner.runSequentially(SuiteRunner.java:413)
at org.testng.SuiteRunner.privateRun(SuiteRunner.java:373)
at org.testng.SuiteRunner.run(SuiteRunner.java:312)
at org.testng.SuiteRunnerWorker.runSuite(SuiteRunnerWorker.java:52)
at org.testng.SuiteRunnerWorker.run(SuiteRunnerWorker.java:95)
at org.testng.TestNG.runSuitesSequentially(TestNG.java:1274)
at org.testng.TestNG.runSuitesLocally(TestNG.java:1208)
at org.testng.TestNG.runSuites(TestNG.java:1112)
at org.testng.TestNG.run(TestNG.java:1079)
at org.testng.remote.AbstractRemoteTestNG.run(AbstractRemoteTestNG.java:115)
at org.testng.remote.RemoteTestNG.initAndRun(RemoteTestNG.java:293)
at org.testng.remote.RemoteTestNG.main(RemoteTestNG.java:91)
]]>
            </full-stacktrace>
          </exception> <!-- org.testng.TestNGException -->
          <reporter-output>
          </reporter-output>
        </test-method> <!-- createcampaignwithstatus -->
        <test-method is-config="true" signature="aftermethod()[pri:0, instance:product.CampaignTest@3cc41abc]" started-at="2025-12-16T22:26:45 IST" name="aftermethod" finished-at="2025-12-16T22:26:45 IST" duration-ms="0" status="SKIP">
          <reporter-output>
          </reporter-output>
        </test-method> <!-- aftermethod -->
        <test-method is-config="true" signature="afterclass()[pri:0, instance:product.CampaignTest@3cc41abc]" started-at="2025-12-16T22:26:45 IST" name="afterclass" finished-at="2025-12-16T22:26:45 IST" duration-ms="0" status="SKIP">
          <reporter-output>
          </reporter-output>
        </test-method> <!-- afterclass -->
        <test-method is-config="true" signature="afterSuite()[pri:0, instance:product.CampaignTest@3cc41abc]" started-at="2025-12-16T22:26:46 IST" name="afterSuite" finished-at="2025-12-16T22:26:46 IST" duration-ms="1" status="PASS">
          <reporter-output>
            <line>
              <![CDATA[Closing DB Connection]]>
            </line>
          </reporter-output>
        </test-method> <!-- afterSuite -->
      </class> <!-- product.CampaignTest -->
    </test> <!-- Default test -->
  </suite> <!-- Default suite -->
</testng-results>
