<?xml version="1.0" encoding="UTF-8"?>
<!-- Generated by org.testng.reporters.JUnitXMLReporter -->
<testsuite ignored="0" hostname="LAPTOP-6F03UMNQ" failures="0" tests="5" name="Test" time="36.544" errors="0" timestamp="2025-12-10T20:54:49 IST">
  <testcase classname="Batchexecution.Demo3" name="flipkart" time="5.212"/>
  <testcase classname="Batchexecution.Demo2" name="instagram" time="2.607"/>
  <testcase classname="Batchexecution.demo1" name="Facebook" time="3.554"/>
  <testcase classname="Batchexecution.demo4" name="ajio" time="13.571"/>
  <testcase classname="Batchexecution.Demo5" name="myntra" time="11.546"/>
</testsuite> <!-- Test -->
